<?xml version="1.0" encoding="UTF-8"?>
<testng-results skipped="0" failed="1" ignored="0" total="3" passed="2">
  <reporter-output>
  </reporter-output>
  <suite name="Suite" duration-ms="415" started-at="2020-01-04T02:32:47Z" finished-at="2020-01-04T02:32:48Z">
    <groups>
    </groups>
    <test name="TestDebug" duration-ms="415" started-at="2020-01-04T02:32:47Z" finished-at="2020-01-04T02:32:48Z">
      <class name="com.jt.qa.TestHttpClient">
        <test-method status="PASS" signature="setUp()[pri:0, instance:com.jt.qa.TestHttpClient@396a51ab]" name="setUp" is-config="true" duration-ms="252" started-at="2020-01-04T02:32:47Z" finished-at="2020-01-04T02:32:47Z">
          <reporter-output>
          </reporter-output>
        </test-method> <!-- setUp -->
        <test-method status="PASS" signature="testHttpGet()[pri:0, instance:com.jt.qa.TestHttpClient@396a51ab]" name="testHttpGet" duration-ms="75" started-at="2020-01-04T02:32:47Z" finished-at="2020-01-04T02:32:47Z">
          <reporter-output>
          </reporter-output>
        </test-method> <!-- testHttpGet -->
        <test-method status="FAIL" signature="testHttpPostForm()[pri:0, instance:com.jt.qa.TestHttpClient@396a51ab]" name="testHttpPostForm" duration-ms="24" started-at="2020-01-04T02:32:47Z" finished-at="2020-01-04T02:32:47Z">
          <exception class="java.lang.AssertionError">
            <message>
              <![CDATA[expected [true] but found [false]]]>
            </message>
            <full-stacktrace>
              <![CDATA[java.lang.AssertionError: expected [true] but found [false]
at org.testng.Assert.fail(Assert.java:96)
at org.testng.Assert.failNotEquals(Assert.java:776)
at org.testng.Assert.assertTrue(Assert.java:44)
at org.testng.Assert.assertTrue(Assert.java:54)
at com.jt.qa.TestHttpClient.testHttpPostForm(TestHttpClient.java:83)
at sun.reflect.NativeMethodAccessorImpl.invoke0(Native Method)
at sun.reflect.NativeMethodAccessorImpl.invoke(NativeMethodAccessorImpl.java:62)
at sun.reflect.DelegatingMethodAccessorImpl.invoke(DelegatingMethodAccessorImpl.java:43)
at java.lang.reflect.Method.invoke(Method.java:498)
at org.testng.internal.MethodInvocationHelper.invokeMethod(MethodInvocationHelper.java:124)
at org.testng.internal.Invoker.invokeMethod(Invoker.java:583)
at org.testng.internal.Invoker.invokeTestMethod(Invoker.java:719)
at org.testng.internal.Invoker.invokeTestMethods(Invoker.java:989)
at org.testng.internal.TestMethodWorker.invokeTestMethods(TestMethodWorker.java:125)
at org.testng.internal.TestMethodWorker.run(TestMethodWorker.java:109)
at org.testng.TestRunner.privateRun(TestRunner.java:648)
at org.testng.TestRunner.run(TestRunner.java:505)
at org.testng.SuiteRunner.runTest(SuiteRunner.java:455)
at org.testng.SuiteRunner.runSequentially(SuiteRunner.java:450)
at org.testng.SuiteRunner.privateRun(SuiteRunner.java:415)
at org.testng.SuiteRunner.run(SuiteRunner.java:364)
at org.testng.SuiteRunnerWorker.runSuite(SuiteRunnerWorker.java:52)
at org.testng.SuiteRunnerWorker.run(SuiteRunnerWorker.java:84)
at org.testng.TestNG.runSuitesSequentially(TestNG.java:1208)
at org.testng.TestNG.runSuitesLocally(TestNG.java:1137)
at org.testng.TestNG.runSuites(TestNG.java:1049)
at org.testng.TestNG.run(TestNG.java:1017)
at com.intellij.rt.testng.IDEARemoteTestNG.run(IDEARemoteTestNG.java:66)
at com.intellij.rt.testng.RemoteTestNGStarter.main(RemoteTestNGStarter.java:110)
]]>
            </full-stacktrace>
          </exception> <!-- java.lang.AssertionError -->
          <reporter-output>
          </reporter-output>
        </test-method> <!-- testHttpPostForm -->
        <test-method status="PASS" signature="testHttpPostJson()[pri:0, instance:com.jt.qa.TestHttpClient@396a51ab]" name="testHttpPostJson" duration-ms="44" started-at="2020-01-04T02:32:47Z" finished-at="2020-01-04T02:32:48Z">
          <reporter-output>
          </reporter-output>
        </test-method> <!-- testHttpPostJson -->
        <test-method status="PASS" signature="tearDown()[pri:0, instance:com.jt.qa.TestHttpClient@396a51ab]" name="tearDown" is-config="true" duration-ms="1" started-at="2020-01-04T02:32:48Z" finished-at="2020-01-04T02:32:48Z">
          <reporter-output>
          </reporter-output>
        </test-method> <!-- tearDown -->
      </class> <!-- com.jt.qa.TestHttpClient -->
    </test> <!-- TestDebug -->
  </suite> <!-- Suite -->
</testng-results>
